<?xml version="1.0" encoding="UTF-8"?>
<testsuite name="com.auth.server.AuthorizationServerV2ApplicationTests" tests="1" skipped="0" failures="0" errors="0" timestamp="2025-03-18T07:49:31" hostname="M13020124000058.local" time="0.096">
  <properties/>
  <testcase name="contextLoads()" classname="com.auth.server.AuthorizationServerV2ApplicationTests" time="0.096"/>
  <system-out><![CDATA[16:49:24.858 [Test worker] DEBUG org.springframework.test.context.BootstrapUtils - Instantiating CacheAwareContextLoaderDelegate from class [org.springframework.test.context.cache.DefaultCacheAwareContextLoaderDelegate]
16:49:24.861 [Test worker] DEBUG org.springframework.test.context.BootstrapUtils - Instantiating BootstrapContext using constructor [public org.springframework.test.context.support.DefaultBootstrapContext(java.lang.Class,org.springframework.test.context.CacheAwareContextLoaderDelegate)]
16:49:24.874 [Test worker] DEBUG org.springframework.test.context.BootstrapUtils - Instantiating TestContextBootstrapper for test class [com.auth.server.AuthorizationServerV2ApplicationTests] from class [org.springframework.boot.test.context.SpringBootTestContextBootstrapper]
16:49:24.878 [Test worker] INFO org.springframework.boot.test.context.SpringBootTestContextBootstrapper - Neither @ContextConfiguration nor @ContextHierarchy found for test class [com.auth.server.AuthorizationServerV2ApplicationTests], using SpringBootContextLoader
16:49:24.879 [Test worker] DEBUG org.springframework.test.context.support.AbstractContextLoader - Did not detect default resource location for test class [com.auth.server.AuthorizationServerV2ApplicationTests]: class path resource [com/auth/server/AuthorizationServerV2ApplicationTests-context.xml] does not exist
16:49:24.879 [Test worker] DEBUG org.springframework.test.context.support.AbstractContextLoader - Did not detect default resource location for test class [com.auth.server.AuthorizationServerV2ApplicationTests]: class path resource [com/auth/server/AuthorizationServerV2ApplicationTestsContext.groovy] does not exist
16:49:24.880 [Test worker] INFO org.springframework.test.context.support.AbstractContextLoader - Could not detect default resource locations for test class [com.auth.server.AuthorizationServerV2ApplicationTests]: no resource found for suffixes {-context.xml, Context.groovy}.
16:49:24.880 [Test worker] INFO org.springframework.test.context.support.AnnotationConfigContextLoaderUtils - Could not detect default configuration classes for test class [com.auth.server.AuthorizationServerV2ApplicationTests]: AuthorizationServerV2ApplicationTests does not declare any static, non-private, non-final, nested classes annotated with @Configuration.
16:49:24.895 [Test worker] DEBUG org.springframework.test.context.support.ActiveProfilesUtils - Could not find an 'annotation declaring class' for annotation type [org.springframework.test.context.ActiveProfiles] and class [com.auth.server.AuthorizationServerV2ApplicationTests]
16:49:24.928 [Test worker] DEBUG org.springframework.context.annotation.ClassPathScanningCandidateComponentProvider - Identified candidate component class: file [/Users/yeom/Documents/Project/authorization-server-v2/build/classes/java/main/com/auth/server/AuthorizationServerV2Application.class]
16:49:24.928 [Test worker] INFO org.springframework.boot.test.context.SpringBootTestContextBootstrapper - Found @SpringBootConfiguration com.auth.server.AuthorizationServerV2Application for test class com.auth.server.AuthorizationServerV2ApplicationTests
16:49:24.965 [Test worker] DEBUG org.springframework.boot.test.context.SpringBootTestContextBootstrapper - @TestExecutionListeners is not present for class [com.auth.server.AuthorizationServerV2ApplicationTests]: using defaults.
16:49:24.965 [Test worker] INFO org.springframework.boot.test.context.SpringBootTestContextBootstrapper - Loaded default TestExecutionListener class names from location [META-INF/spring.factories]: [org.springframework.security.test.context.support.WithSecurityContextTestExecutionListener, org.springframework.security.test.context.support.ReactorContextTestExecutionListener, org.springframework.boot.test.autoconfigure.restdocs.RestDocsTestExecutionListener, org.springframework.boot.test.autoconfigure.web.client.MockRestServiceServerResetTestExecutionListener, org.springframework.boot.test.autoconfigure.web.servlet.MockMvcPrintOnlyOnFailureTestExecutionListener, org.springframework.boot.test.autoconfigure.web.servlet.WebDriverTestExecutionListener, org.springframework.boot.test.autoconfigure.webservices.client.MockWebServiceServerTestExecutionListener, org.springframework.boot.test.mock.mockito.MockitoTestExecutionListener, org.springframework.boot.test.mock.mockito.ResetMocksTestExecutionListener, org.springframework.test.context.web.ServletTestExecutionListener, org.springframework.test.context.support.DirtiesContextBeforeModesTestExecutionListener, org.springframework.test.context.event.ApplicationEventsTestExecutionListener, org.springframework.test.context.support.DependencyInjectionTestExecutionListener, org.springframework.test.context.support.DirtiesContextTestExecutionListener, org.springframework.test.context.transaction.TransactionalTestExecutionListener, org.springframework.test.context.jdbc.SqlScriptsTestExecutionListener, org.springframework.test.context.event.EventPublishingTestExecutionListener]
16:49:24.970 [Test worker] DEBUG org.springframework.boot.test.context.SpringBootTestContextBootstrapper - Skipping candidate TestExecutionListener [org.springframework.test.context.transaction.TransactionalTestExecutionListener] due to a missing dependency. Specify custom listener classes or make the default listener classes and their required dependencies available. Offending class: [org/springframework/transaction/interceptor/TransactionAttributeSource]
16:49:24.971 [Test worker] DEBUG org.springframework.boot.test.context.SpringBootTestContextBootstrapper - Skipping candidate TestExecutionListener [org.springframework.test.context.jdbc.SqlScriptsTestExecutionListener] due to a missing dependency. Specify custom listener classes or make the default listener classes and their required dependencies available. Offending class: [org/springframework/transaction/interceptor/TransactionAttribute]
16:49:24.971 [Test worker] INFO org.springframework.boot.test.context.SpringBootTestContextBootstrapper - Using TestExecutionListeners: [org.springframework.test.context.web.ServletTestExecutionListener@12f9af83, org.springframework.test.context.support.DirtiesContextBeforeModesTestExecutionListener@19b93fa8, org.springframework.test.context.event.ApplicationEventsTestExecutionListener@7e6ef134, org.springframework.boot.test.mock.mockito.MockitoTestExecutionListener@1f010bf0, org.springframework.boot.test.autoconfigure.SpringBootDependencyInjectionTestExecutionListener@40db2a24, org.springframework.test.context.support.DirtiesContextTestExecutionListener@10cf09e8, org.springframework.security.test.context.support.WithSecurityContextTestExecutionListener@1921ad94, org.springframework.test.context.event.EventPublishingTestExecutionListener@ee86bcb, org.springframework.security.test.context.support.ReactorContextTestExecutionListener@177bea38, org.springframework.boot.test.autoconfigure.restdocs.RestDocsTestExecutionListener@7f132176, org.springframework.boot.test.autoconfigure.web.client.MockRestServiceServerResetTestExecutionListener@6bca7e0d, org.springframework.boot.test.autoconfigure.web.servlet.MockMvcPrintOnlyOnFailureTestExecutionListener@2631f68c, org.springframework.boot.test.autoconfigure.web.servlet.WebDriverTestExecutionListener@6ed3f258, org.springframework.boot.test.autoconfigure.webservices.client.MockWebServiceServerTestExecutionListener@8ad6665, org.springframework.boot.test.mock.mockito.ResetMocksTestExecutionListener@30af5b6b]
16:49:24.972 [Test worker] DEBUG org.springframework.test.context.support.AbstractDirtiesContextTestExecutionListener - Before test class: context [DefaultTestContext@7dda48d9 testClass = AuthorizationServerV2ApplicationTests, testInstance = [null], testMethod = [null], testException = [null], mergedContextConfiguration = [WebMergedContextConfiguration@6e4566f1 testClass = AuthorizationServerV2ApplicationTests, locations = '{}', classes = '{class com.auth.server.AuthorizationServerV2Application}', contextInitializerClasses = '[]', activeProfiles = '{}', propertySourceLocations = '{}', propertySourceProperties = '{org.springframework.boot.test.context.SpringBootTestContextBootstrapper=true}', contextCustomizers = set[org.springframework.boot.test.autoconfigure.actuate.metrics.MetricsExportContextCustomizerFactory$DisableMetricExportContextCustomizer@6cb107fd, org.springframework.boot.test.autoconfigure.properties.PropertyMappingContextCustomizer@0, org.springframework.boot.test.autoconfigure.web.servlet.WebDriverContextCustomizerFactory$Customizer@65f8f5ae, org.springframework.boot.test.context.filter.ExcludeFilterContextCustomizer@5c7933ad, org.springframework.boot.test.json.DuplicateJsonObjectContextCustomizerFactory$DuplicateJsonObjectContextCustomizer@68c9d179, org.springframework.boot.test.mock.mockito.MockitoContextCustomizer@0, org.springframework.boot.test.web.client.TestRestTemplateContextCustomizer@16150369, org.springframework.boot.test.context.SpringBootTestArgs@1, org.springframework.boot.test.context.SpringBootTestWebEnvironment@3c130745], resourceBasePath = 'src/main/webapp', contextLoader = 'org.springframework.boot.test.context.SpringBootContextLoader', parent = [null]], attributes = map['org.springframework.test.context.web.ServletTestExecutionListener.activateListener' -> true]], class annotated with @DirtiesContext [false] with mode [null].

  .   ____          _            __ _ _
 /\\ / ___'_ __ _ _(_)_ __  __ _ \ \ \ \
( ( )\___ | '_ | '_| | '_ \/ _` | \ \ \ \
 \\/  ___)| |_)| | | | | || (_| |  ) ) ) )
  '  |____| .__|_| |_|_| |_\__, | / / / /
 =========|_|==============|___/=/_/_/_/
 :: Spring Boot ::               (v2.7.12)

]]></system-out>
  <system-err><![CDATA[]]></system-err>
</testsuite>
